<?xml version="1.0" encoding="UTF-8"?>
<!-- Generated by org.testng.reporters.JUnitReportReporter -->
<testsuite hostname="LAPTOP-T1QM1G9N" failures="0" tests="2" name="qaclickacademy.Mavenjava.RestAPITest" time="0.006" errors="0" timestamp="2021-02-25T22:54:19 IST" skipped="0">
  <testcase classname="qaclickacademy.Mavenjava.RestAPITest" name="deleteTwitter" time="0.006"/>
  <system-out/>
  <testcase classname="qaclickacademy.Mavenjava.RestAPITest" name="postJira" time="0.000"/>
  <system-out/>
</testsuite> <!-- qaclickacademy.Mavenjava.RestAPITest -->
